  MyForm1.cpp
C:\Users\Даша\source\repos\Курсовая\MyForm21.h(176,1): warning C4965: неявная упаковка целого числа 0; используйте nullptr или явное приведение типов
C:\Users\Даша\source\repos\Курсовая\MyForm20.h(177,1): warning C4965: неявная упаковка целого числа 0; используйте nullptr или явное приведение типов
  MyForm10.cpp
C:\Users\Даша\source\repos\Курсовая\MyForm3.h(126,1): warning C4965: неявная упаковка целого числа 0; используйте nullptr или явное приведение типов
C:\Users\Даша\source\repos\Курсовая\MyForm21.h(176,1): warning C4965: неявная упаковка целого числа 0; используйте nullptr или явное приведение типов
  MyForm11.cpp
C:\Users\Даша\source\repos\Курсовая\MyForm20.h(177,1): warning C4965: неявная упаковка целого числа 0; используйте nullptr или явное приведение типов
C:\Users\Даша\source\repos\Курсовая\MyForm21.h(176,1): warning C4965: неявная упаковка целого числа 0; используйте nullptr или явное приведение типов
  MyForm12.cpp
C:\Users\Даша\source\repos\Курсовая\MyForm20.h(177,1): warning C4965: неявная упаковка целого числа 0; используйте nullptr или явное приведение типов
C:\Users\Даша\source\repos\Курсовая\MyForm21.h(176,1): warning C4965: неявная упаковка целого числа 0; используйте nullptr или явное приведение типов
  MyForm13.cpp
C:\Users\Даша\source\repos\Курсовая\MyForm20.h(177,1): warning C4965: неявная упаковка целого числа 0; используйте nullptr или явное приведение типов
C:\Users\Даша\source\repos\Курсовая\MyForm21.h(176,1): warning C4965: неявная упаковка целого числа 0; используйте nullptr или явное приведение типов
  MyForm14.cpp
C:\Users\Даша\source\repos\Курсовая\MyForm20.h(177,1): warning C4965: неявная упаковка целого числа 0; используйте nullptr или явное приведение типов
C:\Users\Даша\source\repos\Курсовая\MyForm21.h(176,1): warning C4965: неявная упаковка целого числа 0; используйте nullptr или явное приведение типов
  MyForm15.cpp
C:\Users\Даша\source\repos\Курсовая\MyForm20.h(177,1): warning C4965: неявная упаковка целого числа 0; используйте nullptr или явное приведение типов
C:\Users\Даша\source\repos\Курсовая\MyForm21.h(176,1): warning C4965: неявная упаковка целого числа 0; используйте nullptr или явное приведение типов
  MyForm16.cpp
C:\Users\Даша\source\repos\Курсовая\MyForm20.h(177,1): warning C4965: неявная упаковка целого числа 0; используйте nullptr или явное приведение типов
C:\Users\Даша\source\repos\Курсовая\MyForm21.h(176,1): warning C4965: неявная упаковка целого числа 0; используйте nullptr или явное приведение типов
  MyForm17.cpp
C:\Users\Даша\source\repos\Курсовая\MyForm20.h(177,1): warning C4965: неявная упаковка целого числа 0; используйте nullptr или явное приведение типов
C:\Users\Даша\source\repos\Курсовая\MyForm21.h(176,1): warning C4965: неявная упаковка целого числа 0; используйте nullptr или явное приведение типов
  MyForm18.cpp
C:\Users\Даша\source\repos\Курсовая\MyForm20.h(177,1): warning C4965: неявная упаковка целого числа 0; используйте nullptr или явное приведение типов
C:\Users\Даша\source\repos\Курсовая\MyForm21.h(176,1): warning C4965: неявная упаковка целого числа 0; используйте nullptr или явное приведение типов
  MyForm19.cpp
C:\Users\Даша\source\repos\Курсовая\MyForm20.h(177,1): warning C4965: неявная упаковка целого числа 0; используйте nullptr или явное приведение типов
C:\Users\Даша\source\repos\Курсовая\MyForm21.h(176,1): warning C4965: неявная упаковка целого числа 0; используйте nullptr или явное приведение типов
  MyForm2.cpp
  MyForm20.cpp
C:\Users\Даша\source\repos\Курсовая\MyForm20.h(177,1): warning C4965: неявная упаковка целого числа 0; используйте nullptr или явное приведение типов
C:\Users\Даша\source\repos\Курсовая\MyForm21.h(176,1): warning C4965: неявная упаковка целого числа 0; используйте nullptr или явное приведение типов
  MyForm21.cpp
C:\Users\Даша\source\repos\Курсовая\MyForm20.h(177,1): warning C4965: неявная упаковка целого числа 0; используйте nullptr или явное приведение типов
  MyForm22.cpp
  MyForm3.cpp
C:\Users\Даша\source\repos\Курсовая\MyForm21.h(176,1): warning C4965: неявная упаковка целого числа 0; используйте nullptr или явное приведение типов
C:\Users\Даша\source\repos\Курсовая\MyForm21.h(176,1): warning C4965: неявная упаковка целого числа 0; используйте nullptr или явное приведение типов
C:\Users\Даша\source\repos\Курсовая\MyForm20.h(177,1): warning C4965: неявная упаковка целого числа 0; используйте nullptr или явное приведение типов
  MyForm4.cpp
  MyForm5.cpp
  MyForm6.cpp
C:\Users\Даша\source\repos\Курсовая\MyForm3.h(126,1): warning C4965: неявная упаковка целого числа 0; используйте nullptr или явное приведение типов
C:\Users\Даша\source\repos\Курсовая\MyForm21.h(176,1): warning C4965: неявная упаковка целого числа 0; используйте nullptr или явное приведение типов
  MyForm7.cpp
C:\Users\Даша\source\repos\Курсовая\MyForm20.h(177,1): warning C4965: неявная упаковка целого числа 0; используйте nullptr или явное приведение типов
C:\Users\Даша\source\repos\Курсовая\MyForm21.h(176,1): warning C4965: неявная упаковка целого числа 0; используйте nullptr или явное приведение типов
  Создание кода...
C:\Users\Даша\source\repos\Курсовая\MyForm20.h(177,1): warning C4965: неявная упаковка целого числа 0; используйте nullptr или явное приведение типов
C:\Users\Даша\source\repos\Курсовая\MyForm21.h(144): warning C4700: использована неинициализированная локальная переменная "rez16"
C:\Users\Даша\source\repos\Курсовая\MyForm20.h(145): warning C4700: использована неинициализированная локальная переменная "rez15"
C:\Users\Даша\source\repos\Курсовая\MyForm19.h(157): warning C4700: использована неинициализированная локальная переменная "rez14"
C:\Users\Даша\source\repos\Курсовая\MyForm18.h(164): warning C4700: использована неинициализированная локальная переменная "rez13"
C:\Users\Даша\source\repos\Курсовая\MyForm17.h(177): warning C4700: использована неинициализированная локальная переменная "rez12"
C:\Users\Даша\source\repos\Курсовая\MyForm16.h(183): warning C4700: использована неинициализированная локальная переменная "rez11"
C:\Users\Даша\source\repos\Курсовая\MyForm15.h(219): warning C4700: использована неинициализированная локальная переменная "rez10"
C:\Users\Даша\source\repos\Курсовая\MyForm14.h(130): warning C4700: использована неинициализированная локальная переменная "rez9"
C:\Users\Даша\source\repos\Курсовая\MyForm13.h(307): warning C4700: использована неинициализированная локальная переменная "rez8"
C:\Users\Даша\source\repos\Курсовая\MyForm12.h(314): warning C4700: использована неинициализированная локальная переменная "rez7"
C:\Users\Даша\source\repos\Курсовая\MyForm11.h(179): warning C4700: использована неинициализированная локальная переменная "rez6"
C:\Users\Даша\source\repos\Курсовая\MyForm10.h(193): warning C4700: использована неинициализированная локальная переменная "rez5"
C:\Users\Даша\source\repos\Курсовая\MyForm9.h(168): warning C4700: использована неинициализированная локальная переменная "rez4"
C:\Users\Даша\source\repos\Курсовая\MyForm8.h(197): warning C4700: использована неинициализированная локальная переменная "rez3"
C:\Users\Даша\source\repos\Курсовая\MyForm7.h(156): warning C4700: использована неинициализированная локальная переменная "rez2"
C:\Users\Даша\source\repos\Курсовая\MyForm21.h(144): warning C4700: использована неинициализированная локальная переменная "rez16"
C:\Users\Даша\source\repos\Курсовая\MyForm20.h(145): warning C4700: использована неинициализированная локальная переменная "rez15"
C:\Users\Даша\source\repos\Курсовая\MyForm19.h(157): warning C4700: использована неинициализированная локальная переменная "rez14"
C:\Users\Даша\source\repos\Курсовая\MyForm18.h(164): warning C4700: использована неинициализированная локальная переменная "rez13"
C:\Users\Даша\source\repos\Курсовая\MyForm17.h(177): warning C4700: использована неинициализированная локальная переменная "rez12"
C:\Users\Даша\source\repos\Курсовая\MyForm16.h(183): warning C4700: использована неинициализированная локальная переменная "rez11"
C:\Users\Даша\source\repos\Курсовая\MyForm15.h(219): warning C4700: использована неинициализированная локальная переменная "rez10"
C:\Users\Даша\source\repos\Курсовая\MyForm14.h(130): warning C4700: использована неинициализированная локальная переменная "rez9"
C:\Users\Даша\source\repos\Курсовая\MyForm13.h(307): warning C4700: использована неинициализированная локальная переменная "rez8"
C:\Users\Даша\source\repos\Курсовая\MyForm12.h(314): warning C4700: использована неинициализированная локальная переменная "rez7"
C:\Users\Даша\source\repos\Курсовая\MyForm11.h(179): warning C4700: использована неинициализированная локальная переменная "rez6"
C:\Users\Даша\source\repos\Курсовая\MyForm10.h(193): warning C4700: использована неинициализированная локальная переменная "rez5"
C:\Users\Даша\source\repos\Курсовая\MyForm9.h(168): warning C4700: использована неинициализированная локальная переменная "rez4"
C:\Users\Даша\source\repos\Курсовая\MyForm8.h(197): warning C4700: использована неинициализированная локальная переменная "rez3"
C:\Users\Даша\source\repos\Курсовая\MyForm7.h(156): warning C4700: использована неинициализированная локальная переменная "rez2"
C:\Users\Даша\source\repos\Курсовая\MyForm6.h(157): warning C4700: использована неинициализированная локальная переменная "rez1"
C:\Users\Даша\source\repos\Курсовая\MyForm21.h(144): warning C4700: использована неинициализированная локальная переменная "rez16"
C:\Users\Даша\source\repos\Курсовая\MyForm20.h(145): warning C4700: использована неинициализированная локальная переменная "rez15"
C:\Users\Даша\source\repos\Курсовая\MyForm19.h(157): warning C4700: использована неинициализированная локальная переменная "rez14"
C:\Users\Даша\source\repos\Курсовая\MyForm18.h(164): warning C4700: использована неинициализированная локальная переменная "rez13"
C:\Users\Даша\source\repos\Курсовая\MyForm17.h(177): warning C4700: использована неинициализированная локальная переменная "rez12"
C:\Users\Даша\source\repos\Курсовая\MyForm16.h(183): warning C4700: использована неинициализированная локальная переменная "rez11"
C:\Users\Даша\source\repos\Курсовая\MyForm15.h(219): warning C4700: использована неинициализированная локальная переменная "rez10"
C:\Users\Даша\source\repos\Курсовая\MyForm14.h(130): warning C4700: использована неинициализированная локальная переменная "rez9"
C:\Users\Даша\source\repos\Курсовая\MyForm13.h(307): warning C4700: использована неинициализированная локальная переменная "rez8"
C:\Users\Даша\source\repos\Курсовая\MyForm12.h(314): warning C4700: использована неинициализированная локальная переменная "rez7"
C:\Users\Даша\source\repos\Курсовая\MyForm11.h(179): warning C4700: использована неинициализированная локальная переменная "rez6"
C:\Users\Даша\source\repos\Курсовая\MyForm10.h(193): warning C4700: использована неинициализированная локальная переменная "rez5"
C:\Users\Даша\source\repos\Курсовая\MyForm9.h(168): warning C4700: использована неинициализированная локальная переменная "rez4"
C:\Users\Даша\source\repos\Курсовая\MyForm8.h(197): warning C4700: использована неинициализированная локальная переменная "rez3"
C:\Users\Даша\source\repos\Курсовая\MyForm7.h(156): warning C4700: использована неинициализированная локальная переменная "rez2"
C:\Users\Даша\source\repos\Курсовая\MyForm6.h(157): warning C4700: использована неинициализированная локальная переменная "rez1"
C:\Users\Даша\source\repos\Курсовая\MyForm21.h(144): warning C4700: использована неинициализированная локальная переменная "rez16"
C:\Users\Даша\source\repos\Курсовая\MyForm21.h(144): warning C4700: использована неинициализированная локальная переменная "rez16"
C:\Users\Даша\source\repos\Курсовая\MyForm20.h(145): warning C4700: использована неинициализированная локальная переменная "rez15"
C:\Users\Даша\source\repos\Курсовая\MyForm21.h(144): warning C4700: использована неинициализированная локальная переменная "rez16"
C:\Users\Даша\source\repos\Курсовая\MyForm20.h(145): warning C4700: использована неинициализированная локальная переменная "rez15"
C:\Users\Даша\source\repos\Курсовая\MyForm19.h(157): warning C4700: использована неинициализированная локальная переменная "rez14"
C:\Users\Даша\source\repos\Курсовая\MyForm21.h(144): warning C4700: использована неинициализированная локальная переменная "rez16"
C:\Users\Даша\source\repos\Курсовая\MyForm20.h(145): warning C4700: использована неинициализированная локальная переменная "rez15"
C:\Users\Даша\source\repos\Курсовая\MyForm19.h(157): warning C4700: использована неинициализированная локальная переменная "rez14"
C:\Users\Даша\source\repos\Курсовая\MyForm18.h(164): warning C4700: использована неинициализированная локальная переменная "rez13"
C:\Users\Даша\source\repos\Курсовая\MyForm21.h(144): warning C4700: использована неинициализированная локальная переменная "rez16"
C:\Users\Даша\source\repos\Курсовая\MyForm20.h(145): warning C4700: использована неинициализированная локальная переменная "rez15"
C:\Users\Даша\source\repos\Курсовая\MyForm19.h(157): warning C4700: использована неинициализированная локальная переменная "rez14"
C:\Users\Даша\source\repos\Курсовая\MyForm18.h(164): warning C4700: использована неинициализированная локальная переменная "rez13"
C:\Users\Даша\source\repos\Курсовая\MyForm17.h(177): warning C4700: использована неинициализированная локальная переменная "rez12"
C:\Users\Даша\source\repos\Курсовая\MyForm21.h(144): warning C4700: использована неинициализированная локальная переменная "rez16"
C:\Users\Даша\source\repos\Курсовая\MyForm20.h(145): warning C4700: использована неинициализированная локальная переменная "rez15"
C:\Users\Даша\source\repos\Курсовая\MyForm19.h(157): warning C4700: использована неинициализированная локальная переменная "rez14"
C:\Users\Даша\source\repos\Курсовая\MyForm18.h(164): warning C4700: использована неинициализированная локальная переменная "rez13"
C:\Users\Даша\source\repos\Курсовая\MyForm17.h(177): warning C4700: использована неинициализированная локальная переменная "rez12"
C:\Users\Даша\source\repos\Курсовая\MyForm16.h(183): warning C4700: использована неинициализированная локальная переменная "rez11"
C:\Users\Даша\source\repos\Курсовая\MyForm21.h(144): warning C4700: использована неинициализированная локальная переменная "rez16"
C:\Users\Даша\source\repos\Курсовая\MyForm20.h(145): warning C4700: использована неинициализированная локальная переменная "rez15"
C:\Users\Даша\source\repos\Курсовая\MyForm19.h(157): warning C4700: использована неинициализированная локальная переменная "rez14"
C:\Users\Даша\source\repos\Курсовая\MyForm18.h(164): warning C4700: использована неинициализированная локальная переменная "rez13"
C:\Users\Даша\source\repos\Курсовая\MyForm17.h(177): warning C4700: использована неинициализированная локальная переменная "rez12"
C:\Users\Даша\source\repos\Курсовая\MyForm16.h(183): warning C4700: использована неинициализированная локальная переменная "rez11"
C:\Users\Даша\source\repos\Курсовая\MyForm15.h(219): warning C4700: использована неинициализированная локальная переменная "rez10"
C:\Users\Даша\source\repos\Курсовая\MyForm21.h(144): warning C4700: использована неинициализированная локальная переменная "rez16"
C:\Users\Даша\source\repos\Курсовая\MyForm20.h(145): warning C4700: использована неинициализированная локальная переменная "rez15"
C:\Users\Даша\source\repos\Курсовая\MyForm19.h(157): warning C4700: использована неинициализированная локальная переменная "rez14"
C:\Users\Даша\source\repos\Курсовая\MyForm18.h(164): warning C4700: использована неинициализированная локальная переменная "rez13"
C:\Users\Даша\source\repos\Курсовая\MyForm17.h(177): warning C4700: использована неинициализированная локальная переменная "rez12"
C:\Users\Даша\source\repos\Курсовая\MyForm16.h(183): warning C4700: использована неинициализированная локальная переменная "rez11"
C:\Users\Даша\source\repos\Курсовая\MyForm15.h(219): warning C4700: использована неинициализированная локальная переменная "rez10"
C:\Users\Даша\source\repos\Курсовая\MyForm14.h(130): warning C4700: использована неинициализированная локальная переменная "rez9"
C:\Users\Даша\source\repos\Курсовая\MyForm21.h(144): warning C4700: использована неинициализированная локальная переменная "rez16"
C:\Users\Даша\source\repos\Курсовая\MyForm20.h(145): warning C4700: использована неинициализированная локальная переменная "rez15"
C:\Users\Даша\source\repos\Курсовая\MyForm19.h(157): warning C4700: использована неинициализированная локальная переменная "rez14"
C:\Users\Даша\source\repos\Курсовая\MyForm18.h(164): warning C4700: использована неинициализированная локальная переменная "rez13"
C:\Users\Даша\source\repos\Курсовая\MyForm17.h(177): warning C4700: использована неинициализированная локальная переменная "rez12"
C:\Users\Даша\source\repos\Курсовая\MyForm16.h(183): warning C4700: использована неинициализированная локальная переменная "rez11"
C:\Users\Даша\source\repos\Курсовая\MyForm15.h(219): warning C4700: использована неинициализированная локальная переменная "rez10"
C:\Users\Даша\source\repos\Курсовая\MyForm14.h(130): warning C4700: использована неинициализированная локальная переменная "rez9"
C:\Users\Даша\source\repos\Курсовая\MyForm13.h(307): warning C4700: использована неинициализированная локальная переменная "rez8"
C:\Users\Даша\source\repos\Курсовая\MyForm21.h(144): warning C4700: использована неинициализированная локальная переменная "rez16"
C:\Users\Даша\source\repos\Курсовая\MyForm20.h(145): warning C4700: использована неинициализированная локальная переменная "rez15"
C:\Users\Даша\source\repos\Курсовая\MyForm19.h(157): warning C4700: использована неинициализированная локальная переменная "rez14"
C:\Users\Даша\source\repos\Курсовая\MyForm18.h(164): warning C4700: использована неинициализированная локальная переменная "rez13"
C:\Users\Даша\source\repos\Курсовая\MyForm17.h(177): warning C4700: использована неинициализированная локальная переменная "rez12"
C:\Users\Даша\source\repos\Курсовая\MyForm16.h(183): warning C4700: использована неинициализированная локальная переменная "rez11"
C:\Users\Даша\source\repos\Курсовая\MyForm15.h(219): warning C4700: использована неинициализированная локальная переменная "rez10"
C:\Users\Даша\source\repos\Курсовая\MyForm14.h(130): warning C4700: использована неинициализированная локальная переменная "rez9"
C:\Users\Даша\source\repos\Курсовая\MyForm13.h(307): warning C4700: использована неинициализированная локальная переменная "rez8"
C:\Users\Даша\source\repos\Курсовая\MyForm12.h(314): warning C4700: использована неинициализированная локальная переменная "rez7"
C:\Users\Даша\source\repos\Курсовая\MyForm21.h(144): warning C4700: использована неинициализированная локальная переменная "rez16"
C:\Users\Даша\source\repos\Курсовая\MyForm20.h(145): warning C4700: использована неинициализированная локальная переменная "rez15"
C:\Users\Даша\source\repos\Курсовая\MyForm19.h(157): warning C4700: использована неинициализированная локальная переменная "rez14"
C:\Users\Даша\source\repos\Курсовая\MyForm18.h(164): warning C4700: использована неинициализированная локальная переменная "rez13"
C:\Users\Даша\source\repos\Курсовая\MyForm17.h(177): warning C4700: использована неинициализированная локальная переменная "rez12"
C:\Users\Даша\source\repos\Курсовая\MyForm16.h(183): warning C4700: использована неинициализированная локальная переменная "rez11"
C:\Users\Даша\source\repos\Курсовая\MyForm15.h(219): warning C4700: использована неинициализированная локальная переменная "rez10"
C:\Users\Даша\source\repos\Курсовая\MyForm14.h(130): warning C4700: использована неинициализированная локальная переменная "rez9"
C:\Users\Даша\source\repos\Курсовая\MyForm13.h(307): warning C4700: использована неинициализированная локальная переменная "rez8"
C:\Users\Даша\source\repos\Курсовая\MyForm12.h(314): warning C4700: использована неинициализированная локальная переменная "rez7"
C:\Users\Даша\source\repos\Курсовая\MyForm11.h(179): warning C4700: использована неинициализированная локальная переменная "rez6"
C:\Users\Даша\source\repos\Курсовая\MyForm21.h(144): warning C4700: использована неинициализированная локальная переменная "rez16"
C:\Users\Даша\source\repos\Курсовая\MyForm20.h(145): warning C4700: использована неинициализированная локальная переменная "rez15"
C:\Users\Даша\source\repos\Курсовая\MyForm19.h(157): warning C4700: использована неинициализированная локальная переменная "rez14"
C:\Users\Даша\source\repos\Курсовая\MyForm18.h(164): warning C4700: использована неинициализированная локальная переменная "rez13"
C:\Users\Даша\source\repos\Курсовая\MyForm17.h(177): warning C4700: использована неинициализированная локальная переменная "rez12"
C:\Users\Даша\source\repos\Курсовая\MyForm16.h(183): warning C4700: использована неинициализированная локальная переменная "rez11"
C:\Users\Даша\source\repos\Курсовая\MyForm15.h(219): warning C4700: использована неинициализированная локальная переменная "rez10"
C:\Users\Даша\source\repos\Курсовая\MyForm14.h(130): warning C4700: использована неинициализированная локальная переменная "rez9"
C:\Users\Даша\source\repos\Курсовая\MyForm13.h(307): warning C4700: использована неинициализированная локальная переменная "rez8"
C:\Users\Даша\source\repos\Курсовая\MyForm12.h(314): warning C4700: использована неинициализированная локальная переменная "rez7"
C:\Users\Даша\source\repos\Курсовая\MyForm11.h(179): warning C4700: использована неинициализированная локальная переменная "rez6"
C:\Users\Даша\source\repos\Курсовая\MyForm10.h(193): warning C4700: использована неинициализированная локальная переменная "rez5"
C:\Users\Даша\source\repos\Курсовая\MyForm21.h(144): warning C4700: использована неинициализированная локальная переменная "rez16"
C:\Users\Даша\source\repos\Курсовая\MyForm20.h(145): warning C4700: использована неинициализированная локальная переменная "rez15"
C:\Users\Даша\source\repos\Курсовая\MyForm19.h(157): warning C4700: использована неинициализированная локальная переменная "rez14"
C:\Users\Даша\source\repos\Курсовая\MyForm18.h(164): warning C4700: использована неинициализированная локальная переменная "rez13"
C:\Users\Даша\source\repos\Курсовая\MyForm17.h(177): warning C4700: использована неинициализированная локальная переменная "rez12"
C:\Users\Даша\source\repos\Курсовая\MyForm16.h(183): warning C4700: использована неинициализированная локальная переменная "rez11"
C:\Users\Даша\source\repos\Курсовая\MyForm15.h(219): warning C4700: использована неинициализированная локальная переменная "rez10"
C:\Users\Даша\source\repos\Курсовая\MyForm14.h(130): warning C4700: использована неинициализированная локальная переменная "rez9"
C:\Users\Даша\source\repos\Курсовая\MyForm13.h(307): warning C4700: использована неинициализированная локальная переменная "rez8"
C:\Users\Даша\source\repos\Курсовая\MyForm12.h(314): warning C4700: использована неинициализированная локальная переменная "rez7"
C:\Users\Даша\source\repos\Курсовая\MyForm11.h(179): warning C4700: использована неинициализированная локальная переменная "rez6"
C:\Users\Даша\source\repos\Курсовая\MyForm10.h(193): warning C4700: использована неинициализированная локальная переменная "rez5"
C:\Users\Даша\source\repos\Курсовая\MyForm9.h(168): warning C4700: использована неинициализированная локальная переменная "rez4"
C:\Users\Даша\source\repos\Курсовая\MyForm8.h(197): warning C4700: использована неинициализированная локальная переменная "rez3"
C:\Users\Даша\source\repos\Курсовая\MyForm7.h(156): warning C4700: использована неинициализированная локальная переменная "rez2"
  Компиляция...
  MyForm8.cpp
C:\Users\Даша\source\repos\Курсовая\MyForm6.h(157): warning C4700: использована неинициализированная локальная переменная "rez1"
C:\Users\Даша\source\repos\Курсовая\MyForm21.h(176,1): warning C4965: неявная упаковка целого числа 0; используйте nullptr или явное приведение типов
  MyForm9.cpp
C:\Users\Даша\source\repos\Курсовая\MyForm20.h(177,1): warning C4965: неявная упаковка целого числа 0; используйте nullptr или явное приведение типов
C:\Users\Даша\source\repos\Курсовая\MyForm21.h(176,1): warning C4965: неявная упаковка целого числа 0; используйте nullptr или явное приведение типов
  Создание кода...
C:\Users\Даша\source\repos\Курсовая\MyForm20.h(177,1): warning C4965: неявная упаковка целого числа 0; используйте nullptr или явное приведение типов
C:\Users\Даша\source\repos\Курсовая\MyForm21.h(144): warning C4700: использована неинициализированная локальная переменная "rez16"
C:\Users\Даша\source\repos\Курсовая\MyForm20.h(145): warning C4700: использована неинициализированная локальная переменная "rez15"
C:\Users\Даша\source\repos\Курсовая\MyForm19.h(157): warning C4700: использована неинициализированная локальная переменная "rez14"
C:\Users\Даша\source\repos\Курсовая\MyForm18.h(164): warning C4700: использована неинициализированная локальная переменная "rez13"
C:\Users\Даша\source\repos\Курсовая\MyForm17.h(177): warning C4700: использована неинициализированная локальная переменная "rez12"
C:\Users\Даша\source\repos\Курсовая\MyForm16.h(183): warning C4700: использована неинициализированная локальная переменная "rez11"
C:\Users\Даша\source\repos\Курсовая\MyForm15.h(219): warning C4700: использована неинициализированная локальная переменная "rez10"
C:\Users\Даша\source\repos\Курсовая\MyForm14.h(130): warning C4700: использована неинициализированная локальная переменная "rez9"
C:\Users\Даша\source\repos\Курсовая\MyForm13.h(307): warning C4700: использована неинициализированная локальная переменная "rez8"
C:\Users\Даша\source\repos\Курсовая\MyForm12.h(314): warning C4700: использована неинициализированная локальная переменная "rez7"
C:\Users\Даша\source\repos\Курсовая\MyForm11.h(179): warning C4700: использована неинициализированная локальная переменная "rez6"
C:\Users\Даша\source\repos\Курсовая\MyForm10.h(193): warning C4700: использована неинициализированная локальная переменная "rez5"
C:\Users\Даша\source\repos\Курсовая\MyForm9.h(168): warning C4700: использована неинициализированная локальная переменная "rez4"
C:\Users\Даша\source\repos\Курсовая\MyForm21.h(144): warning C4700: использована неинициализированная локальная переменная "rez16"
C:\Users\Даша\source\repos\Курсовая\MyForm20.h(145): warning C4700: использована неинициализированная локальная переменная "rez15"
C:\Users\Даша\source\repos\Курсовая\MyForm19.h(157): warning C4700: использована неинициализированная локальная переменная "rez14"
C:\Users\Даша\source\repos\Курсовая\MyForm18.h(164): warning C4700: использована неинициализированная локальная переменная "rez13"
C:\Users\Даша\source\repos\Курсовая\MyForm17.h(177): warning C4700: использована неинициализированная локальная переменная "rez12"
C:\Users\Даша\source\repos\Курсовая\MyForm16.h(183): warning C4700: использована неинициализированная локальная переменная "rez11"
C:\Users\Даша\source\repos\Курсовая\MyForm15.h(219): warning C4700: использована неинициализированная локальная переменная "rez10"
C:\Users\Даша\source\repos\Курсовая\MyForm14.h(130): warning C4700: использована неинициализированная локальная переменная "rez9"
C:\Users\Даша\source\repos\Курсовая\MyForm13.h(307): warning C4700: использована неинициализированная локальная переменная "rez8"
C:\Users\Даша\source\repos\Курсовая\MyForm12.h(314): warning C4700: использована неинициализированная локальная переменная "rez7"
C:\Users\Даша\source\repos\Курсовая\MyForm11.h(179): warning C4700: использована неинициализированная локальная переменная "rez6"
C:\Users\Даша\source\repos\Курсовая\MyForm10.h(193): warning C4700: использована неинициализированная локальная переменная "rez5"
C:\Users\Даша\source\repos\Курсовая\MyForm9.h(168): warning C4700: использована неинициализированная локальная переменная "rez4"
C:\Users\Даша\source\repos\Курсовая\MyForm8.h(197): warning C4700: использована неинициализированная локальная переменная "rez3"
  .NETFramework,Version=v4.6.1.AssemblyAttributes.cpp
  MyForm1.obj : обнаружен модуль MSIL; для MSIL последовательная компоновка отключена; выполняется полная компоновка
  Курсовая.vcxproj -> C:\Users\Даша\source\repos\Курсовая\Debug\Курсовая.exe
